<?xml version="1.0" encoding="UTF-8"?>
<testng-results ignored="0" total="2" passed="2" failed="0" skipped="0">
  <reporter-output>
  </reporter-output>
  <suite started-at="2022-12-04T21:43:18 CST" name="Default suite" finished-at="2022-12-04T21:43:18 CST" duration-ms="112">
    <groups>
    </groups>
    <test started-at="2022-12-04T21:43:18 CST" name="Default test" finished-at="2022-12-04T21:43:18 CST" duration-ms="112">
      <class name="myproject.AppTest">
        <test-method signature="testlogin1()[pri:0, instance:myproject.AppTest@505fc5a4]" started-at="2022-12-04T21:43:18 CST" name="testlogin1" finished-at="2022-12-04T21:43:18 CST" duration-ms="29" status="PASS">
          <reporter-output>
          </reporter-output>
        </test-method> <!-- testlogin1 -->
        <test-method signature="testlogin2()[pri:0, instance:myproject.AppTest@505fc5a4]" started-at="2022-12-04T21:43:18 CST" name="testlogin2" finished-at="2022-12-04T21:43:18 CST" duration-ms="2" status="PASS">
          <reporter-output>
          </reporter-output>
        </test-method> <!-- testlogin2 -->
      </class> <!-- myproject.AppTest -->
    </test> <!-- Default test -->
  </suite> <!-- Default suite -->
</testng-results>
