<?xml version="1.0" encoding="UTF-8"?>
<testng-results ignored="0" total="2" passed="1" failed="1" skipped="0">
  <reporter-output>
  </reporter-output>
  <suite started-at="2023-03-29T22:25:39 CDT" name="Default suite" finished-at="2023-03-29T22:26:15 CDT" duration-ms="36105">
    <groups>
    </groups>
    <test started-at="2023-03-29T22:25:39 CDT" name="Default test" finished-at="2023-03-29T22:26:15 CDT" duration-ms="36105">
      <class name="Selenium.Finding_Elements">
        <test-method signature="launch_Browser()[pri:1, instance:Selenium.Finding_Elements@1bb266b3]" started-at="2023-03-29T22:25:39 CDT" name="launch_Browser" finished-at="2023-03-29T22:25:56 CDT" duration-ms="16948" status="PASS">
          <reporter-output>
          </reporter-output>
        </test-method> <!-- launch_Browser -->
        <test-method signature="openURL()[pri:2, instance:Selenium.Finding_Elements@1bb266b3]" started-at="2023-03-29T22:25:56 CDT" name="openURL" finished-at="2023-03-29T22:26:15 CDT" duration-ms="18876" status="FAIL">
          <exception class="org.openqa.selenium.ElementClickInterceptedException">
            <message>
              <![CDATA[element click intercepted: Element <a href="https://cosmocode.io/teachmeselenium/automation-practice/">...</a> is not clickable at point (257, 656). Other element would receive the click: <iframe id="aswift_2" name="aswift_2" style="width: 728px !important; height: 90px !important; display: block; margin: 0px auto;" sandbox="allow-forms allow-popups allow-popups-to-escape-sandbox allow-same-origin allow-scripts allow-top-navigation-by-user-activation" width="728" height="90" frameborder="0" marginwidth="0" marginheight="0" vspace="0" hspace="0" allowtransparency="true" scrolling="no" src="https://googleads.g.doubleclick.net/pagead/html/r20230328/r20110914/zrt_lookup.html?fsb=1#RS-1-&amp;adk=1812271801&amp;client=ca-pub-9085525584378490&amp;fa=1&amp;ifi=3&amp;uci=a!3&amp;btvi=1&amp;xpc=wMDOCrlJvn&amp;p=https%3A//cosmocode.io" data-google-container-id="a!3" data-google-query-id="CNWBxLfagv4CFYYOoQodlL0CqA" data-load-complete="true"></iframe>
  (Session info: chrome=111.0.5563.111)
Build info: version: '4.2.2', revision: '683ccb65d6'
System info: host: 'HARIDARSHANA', ip: '192.168.1.72', os.name: 'Windows 11', os.arch: 'amd64', os.version: '10.0', java.version: '17.0.4'
Driver info: org.openqa.selenium.chrome.ChromeDriver
Command: [97904c1e21d5500407c3a1e09f9a3766, clickElement {id=0378e950-25f1-499c-a200-138ab6b34ec0}]
Capabilities {acceptInsecureCerts: true, browserName: chrome, browserVersion: 111.0.5563.111, chrome: {chromedriverVersion: 110.0.5481.77 (65ed616c6e8e..., userDataDir: C:\WINDOWS\TEMP\scoped_dir1...}, goog:chromeOptions: {debuggerAddress: localhost:62056}, networkConnectionEnabled: false, pageLoadStrategy: normal, platformName: WINDOWS, proxy: Proxy(), se:cdp: ws://localhost:62056/devtoo..., se:cdpVersion: 111.0.5563.111, setWindowRect: true, strictFileInteractability: false, timeouts: {implicit: 20000, pageLoad: 30000, script: 30000}, unhandledPromptBehavior: dismiss and notify, webauthn:extension:credBlob: true, webauthn:extension:largeBlob: true, webauthn:virtualAuthenticators: true}
Element: [[ChromeDriver: chrome on WINDOWS (97904c1e21d5500407c3a1e09f9a3766)] -> partial link text: random-text-xyz-i-wont-change]
Session ID: 97904c1e21d5500407c3a1e09f9a3766]]>
            </message>
            <full-stacktrace>
              <![CDATA[org.openqa.selenium.ElementClickInterceptedException: element click intercepted: Element <a href="https://cosmocode.io/teachmeselenium/automation-practice/">...</a> is not clickable at point (257, 656). Other element would receive the click: <iframe id="aswift_2" name="aswift_2" style="width: 728px !important; height: 90px !important; display: block; margin: 0px auto;" sandbox="allow-forms allow-popups allow-popups-to-escape-sandbox allow-same-origin allow-scripts allow-top-navigation-by-user-activation" width="728" height="90" frameborder="0" marginwidth="0" marginheight="0" vspace="0" hspace="0" allowtransparency="true" scrolling="no" src="https://googleads.g.doubleclick.net/pagead/html/r20230328/r20110914/zrt_lookup.html?fsb=1#RS-1-&amp;adk=1812271801&amp;client=ca-pub-9085525584378490&amp;fa=1&amp;ifi=3&amp;uci=a!3&amp;btvi=1&amp;xpc=wMDOCrlJvn&amp;p=https%3A//cosmocode.io" data-google-container-id="a!3" data-google-query-id="CNWBxLfagv4CFYYOoQodlL0CqA" data-load-complete="true"></iframe>
  (Session info: chrome=111.0.5563.111)
Build info: version: '4.2.2', revision: '683ccb65d6'
System info: host: 'HARIDARSHANA', ip: '192.168.1.72', os.name: 'Windows 11', os.arch: 'amd64', os.version: '10.0', java.version: '17.0.4'
Driver info: org.openqa.selenium.chrome.ChromeDriver
Command: [97904c1e21d5500407c3a1e09f9a3766, clickElement {id=0378e950-25f1-499c-a200-138ab6b34ec0}]
Capabilities {acceptInsecureCerts: true, browserName: chrome, browserVersion: 111.0.5563.111, chrome: {chromedriverVersion: 110.0.5481.77 (65ed616c6e8e..., userDataDir: C:\WINDOWS\TEMP\scoped_dir1...}, goog:chromeOptions: {debuggerAddress: localhost:62056}, networkConnectionEnabled: false, pageLoadStrategy: normal, platformName: WINDOWS, proxy: Proxy(), se:cdp: ws://localhost:62056/devtoo..., se:cdpVersion: 111.0.5563.111, setWindowRect: true, strictFileInteractability: false, timeouts: {implicit: 20000, pageLoad: 30000, script: 30000}, unhandledPromptBehavior: dismiss and notify, webauthn:extension:credBlob: true, webauthn:extension:largeBlob: true, webauthn:virtualAuthenticators: true}
Element: [[ChromeDriver: chrome on WINDOWS (97904c1e21d5500407c3a1e09f9a3766)] -> partial link text: random-text-xyz-i-wont-change]
Session ID: 97904c1e21d5500407c3a1e09f9a3766
at java.base/jdk.internal.reflect.NativeConstructorAccessorImpl.newInstance0(Native Method)
at java.base/jdk.internal.reflect.NativeConstructorAccessorImpl.newInstance(NativeConstructorAccessorImpl.java:77)
at java.base/jdk.internal.reflect.DelegatingConstructorAccessorImpl.newInstance(DelegatingConstructorAccessorImpl.java:45)
at java.base/java.lang.reflect.Constructor.newInstanceWithCaller(Constructor.java:499)
at java.base/java.lang.reflect.Constructor.newInstance(Constructor.java:480)
at org.openqa.selenium.remote.codec.w3c.W3CHttpResponseCodec.createException(W3CHttpResponseCodec.java:200)
at org.openqa.selenium.remote.codec.w3c.W3CHttpResponseCodec.decode(W3CHttpResponseCodec.java:133)
at org.openqa.selenium.remote.codec.w3c.W3CHttpResponseCodec.decode(W3CHttpResponseCodec.java:53)
at org.openqa.selenium.remote.HttpCommandExecutor.execute(HttpCommandExecutor.java:184)
at org.openqa.selenium.remote.service.DriverCommandExecutor.invokeExecute(DriverCommandExecutor.java:167)
at org.openqa.selenium.remote.service.DriverCommandExecutor.execute(DriverCommandExecutor.java:142)
at org.openqa.selenium.remote.RemoteWebDriver.execute(RemoteWebDriver.java:588)
at org.openqa.selenium.remote.RemoteWebElement.execute(RemoteWebElement.java:257)
at org.openqa.selenium.remote.RemoteWebElement.click(RemoteWebElement.java:78)
at Selenium.Finding_Elements.openURL(Finding_Elements.java:131)
at java.base/jdk.internal.reflect.NativeMethodAccessorImpl.invoke0(Native Method)
at java.base/jdk.internal.reflect.NativeMethodAccessorImpl.invoke(NativeMethodAccessorImpl.java:77)
at java.base/jdk.internal.reflect.DelegatingMethodAccessorImpl.invoke(DelegatingMethodAccessorImpl.java:43)
at java.base/java.lang.reflect.Method.invoke(Method.java:568)
at org.testng.internal.MethodInvocationHelper.invokeMethod(MethodInvocationHelper.java:133)
at org.testng.internal.TestInvoker.invokeMethod(TestInvoker.java:598)
at org.testng.internal.TestInvoker.invokeTestMethod(TestInvoker.java:173)
at org.testng.internal.MethodRunner.runInSequence(MethodRunner.java:46)
at org.testng.internal.TestInvoker$MethodInvocationAgent.invoke(TestInvoker.java:824)
at org.testng.internal.TestInvoker.invokeTestMethods(TestInvoker.java:146)
at org.testng.internal.TestMethodWorker.invokeTestMethods(TestMethodWorker.java:146)
at org.testng.internal.TestMethodWorker.run(TestMethodWorker.java:128)
at java.base/java.util.ArrayList.forEach(ArrayList.java:1511)
at org.testng.TestRunner.privateRun(TestRunner.java:794)
at org.testng.TestRunner.run(TestRunner.java:596)
at org.testng.SuiteRunner.runTest(SuiteRunner.java:377)
at org.testng.SuiteRunner.runSequentially(SuiteRunner.java:371)
at org.testng.SuiteRunner.privateRun(SuiteRunner.java:332)
at org.testng.SuiteRunner.run(SuiteRunner.java:276)
at org.testng.SuiteRunnerWorker.runSuite(SuiteRunnerWorker.java:53)
at org.testng.SuiteRunnerWorker.run(SuiteRunnerWorker.java:96)
at org.testng.TestNG.runSuitesSequentially(TestNG.java:1212)
at org.testng.TestNG.runSuitesLocally(TestNG.java:1134)
at org.testng.TestNG.runSuites(TestNG.java:1063)
at org.testng.TestNG.run(TestNG.java:1031)
at org.testng.remote.AbstractRemoteTestNG.run(AbstractRemoteTestNG.java:115)
at org.testng.remote.RemoteTestNG.initAndRun(RemoteTestNG.java:251)
at org.testng.remote.RemoteTestNG.main(RemoteTestNG.java:77)
]]>
            </full-stacktrace>
          </exception> <!-- org.openqa.selenium.ElementClickInterceptedException -->
          <reporter-output>
          </reporter-output>
        </test-method> <!-- openURL -->
      </class> <!-- Selenium.Finding_Elements -->
    </test> <!-- Default test -->
  </suite> <!-- Default suite -->
</testng-results>
