<?xml version="1.0" encoding="UTF-8"?>
<testng-results skipped="0" failed="0" ignored="1" total="2" passed="1">
  <reporter-output>
  </reporter-output>
  <suite name="Default suite" duration-ms="117" started-at="2023-03-29T17:43:34 CDT" finished-at="2023-03-29T17:43:34 CDT">
    <groups>
    </groups>
    <test name="Default test" duration-ms="117" started-at="2023-03-29T17:43:34 CDT" finished-at="2023-03-29T17:43:34 CDT">
      <class name="interview.FileSeperator">
        <test-method status="PASS" signature="separator()[pri:0, instance:interview.FileSeperator@7a30d1e6]" name="separator" duration-ms="22" started-at="2023-03-29T17:43:34 CDT" finished-at="2023-03-29T17:43:34 CDT">
          <reporter-output>
          </reporter-output>
        </test-method> <!-- separator -->
      </class> <!-- interview.FileSeperator -->
    </test> <!-- Default test -->
  </suite> <!-- Default suite -->
</testng-results>
