<?xml version="1.0" encoding="UTF-8"?>
<!-- Generated by org.testng.reporters.JUnitXMLReporter -->
<testsuite hostname="HariDarshana" ignored="0" name="Default test" tests="5" failures="0" timestamp="2023-03-19T19:23:42 CDT" time="0.209" errors="0">
  <testcase name="testAdd" time="0.026" classname="rekaTDD.TDD_TestDataDriven"/>
  <testcase name="testDivide" time="0.004" classname="rekaTDD.TDD_TestDataDriven"/>
  <testcase name="testDivideByZero" time="0.017" classname="rekaTDD.TDD_TestDataDriven"/>
  <testcase name="testMultiply" time="0.005" classname="rekaTDD.TDD_TestDataDriven"/>
  <testcase name="testSubtract" time="0.012" classname="rekaTDD.TDD_TestDataDriven"/>
</testsuite> <!-- Default test -->
