<?xml version="1.0" encoding="UTF-8"?>
<testng-results skipped="0" failed="0" ignored="0" total="5" passed="5">
  <reporter-output>
  </reporter-output>
  <suite name="Default suite" duration-ms="209" started-at="2023-03-19T19:23:42 CDT" finished-at="2023-03-19T19:23:42 CDT">
    <groups>
    </groups>
    <test name="Default test" duration-ms="209" started-at="2023-03-19T19:23:42 CDT" finished-at="2023-03-19T19:23:42 CDT">
      <class name="rekaTDD.TDD_TestDataDriven">
        <test-method status="PASS" signature="testAdd()[pri:0, instance:rekaTDD.TDD_TestDataDriven@7c29daf3]" name="testAdd" duration-ms="26" started-at="2023-03-19T19:23:42 CDT" finished-at="2023-03-19T19:23:42 CDT">
          <reporter-output>
          </reporter-output>
        </test-method> <!-- testAdd -->
        <test-method status="PASS" signature="testDivide()[pri:0, instance:rekaTDD.TDD_TestDataDriven@7c29daf3]" name="testDivide" duration-ms="4" started-at="2023-03-19T19:23:42 CDT" finished-at="2023-03-19T19:23:42 CDT">
          <reporter-output>
          </reporter-output>
        </test-method> <!-- testDivide -->
        <test-method status="PASS" signature="testDivideByZero()[pri:0, instance:rekaTDD.TDD_TestDataDriven@7c29daf3]" name="testDivideByZero" duration-ms="17" started-at="2023-03-19T19:23:42 CDT" finished-at="2023-03-19T19:23:42 CDT">
          <exception class="java.lang.IllegalArgumentException">
            <message>
              <![CDATA[Cannot divide by zero]]>
            </message>
            <full-stacktrace>
              <![CDATA[java.lang.IllegalArgumentException: Cannot divide by zero
at rekaTDD.Calculator.divide(Calculator.java:28)
at rekaTDD.TDD_TestDataDriven.testDivideByZero(TDD_TestDataDriven.java:53)
at sun.reflect.NativeMethodAccessorImpl.invoke0(Native Method)
at sun.reflect.NativeMethodAccessorImpl.invoke(Unknown Source)
at sun.reflect.DelegatingMethodAccessorImpl.invoke(Unknown Source)
at java.lang.reflect.Method.invoke(Unknown Source)
at org.testng.internal.MethodInvocationHelper.invokeMethod(MethodInvocationHelper.java:133)
at org.testng.internal.TestInvoker.invokeMethod(TestInvoker.java:598)
at org.testng.internal.TestInvoker.invokeTestMethod(TestInvoker.java:173)
at org.testng.internal.MethodRunner.runInSequence(MethodRunner.java:46)
at org.testng.internal.TestInvoker$MethodInvocationAgent.invoke(TestInvoker.java:824)
at org.testng.internal.TestInvoker.invokeTestMethods(TestInvoker.java:146)
at org.testng.internal.TestMethodWorker.invokeTestMethods(TestMethodWorker.java:146)
at org.testng.internal.TestMethodWorker.run(TestMethodWorker.java:128)
at java.util.ArrayList.forEach(Unknown Source)
at org.testng.TestRunner.privateRun(TestRunner.java:794)
at org.testng.TestRunner.run(TestRunner.java:596)
at org.testng.SuiteRunner.runTest(SuiteRunner.java:377)
at org.testng.SuiteRunner.runSequentially(SuiteRunner.java:371)
at org.testng.SuiteRunner.privateRun(SuiteRunner.java:332)
at org.testng.SuiteRunner.run(SuiteRunner.java:276)
at org.testng.SuiteRunnerWorker.runSuite(SuiteRunnerWorker.java:53)
at org.testng.SuiteRunnerWorker.run(SuiteRunnerWorker.java:96)
at org.testng.TestNG.runSuitesSequentially(TestNG.java:1212)
at org.testng.TestNG.runSuitesLocally(TestNG.java:1134)
at org.testng.TestNG.runSuites(TestNG.java:1063)
at org.testng.TestNG.run(TestNG.java:1031)
at org.testng.remote.AbstractRemoteTestNG.run(AbstractRemoteTestNG.java:115)
at org.testng.remote.RemoteTestNG.initAndRun(RemoteTestNG.java:251)
at org.testng.remote.RemoteTestNG.main(RemoteTestNG.java:77)
]]>
            </full-stacktrace>
          </exception> <!-- java.lang.IllegalArgumentException -->
          <reporter-output>
          </reporter-output>
        </test-method> <!-- testDivideByZero -->
        <test-method status="PASS" signature="testMultiply()[pri:0, instance:rekaTDD.TDD_TestDataDriven@7c29daf3]" name="testMultiply" duration-ms="5" started-at="2023-03-19T19:23:42 CDT" finished-at="2023-03-19T19:23:42 CDT">
          <reporter-output>
          </reporter-output>
        </test-method> <!-- testMultiply -->
        <test-method status="PASS" signature="testSubtract()[pri:0, instance:rekaTDD.TDD_TestDataDriven@7c29daf3]" name="testSubtract" duration-ms="12" started-at="2023-03-19T19:23:42 CDT" finished-at="2023-03-19T19:23:42 CDT">
          <reporter-output>
          </reporter-output>
        </test-method> <!-- testSubtract -->
      </class> <!-- rekaTDD.TDD_TestDataDriven -->
    </test> <!-- Default test -->
  </suite> <!-- Default suite -->
</testng-results>
