<?xml version="1.0" encoding="UTF-8"?>
<testng-results ignored="0" total="1" passed="1" failed="0" skipped="0">
  <reporter-output>
  </reporter-output>
  <suite started-at="2023-03-28T09:54:19 CDT" name="Default suite" finished-at="2023-03-28T09:55:07 CDT" duration-ms="48273">
    <groups>
    </groups>
    <test started-at="2023-03-28T09:54:19 CDT" name="Default test" finished-at="2023-03-28T09:55:07 CDT" duration-ms="48273">
      <class name="Selenium.Covid">
        <test-method signature="covidSafe()[pri:0, instance:Selenium.Covid@55536d9e]" started-at="2023-03-28T09:54:19 CDT" name="covidSafe" finished-at="2023-03-28T09:55:07 CDT" duration-ms="48193" status="PASS">
          <reporter-output>
          </reporter-output>
        </test-method> <!-- covidSafe -->
      </class> <!-- Selenium.Covid -->
    </test> <!-- Default test -->
  </suite> <!-- Default suite -->
</testng-results>
