<?xml version="1.0" encoding="UTF-8"?>
<testng-results skipped="0" failed="0" ignored="0" total="1" passed="1">
  <reporter-output>
  </reporter-output>
  <suite name="Default suite" duration-ms="19711" started-at="2023-04-25T13:42:04 CDT" finished-at="2023-04-25T13:42:23 CDT">
    <groups>
    </groups>
    <test name="Default test" duration-ms="19711" started-at="2023-04-25T13:42:04 CDT" finished-at="2023-04-25T13:42:23 CDT">
      <class name="ScrapTestCases.AllergyScrapping">
        <test-method status="PASS" signature="allergy()[pri:0, instance:ScrapTestCases.AllergyScrapping@5fdba6f9]" name="allergy" duration-ms="19444" started-at="2023-04-25T13:42:04 CDT" finished-at="2023-04-25T13:42:23 CDT">
          <reporter-output>
          </reporter-output>
        </test-method> <!-- allergy -->
      </class> <!-- ScrapTestCases.AllergyScrapping -->
    </test> <!-- Default test -->
  </suite> <!-- Default suite -->
</testng-results>
