# JRE version: Java(TM) SE Runtime Environment (8.0_351-b10) (build 1.8.0_351-b10)
# Java VM: Java HotSpot(TM) 64-Bit Server VM (25.351-b10 mixed mode windows-amd64 compressed oops)
Heap:
 PSYoungGen      total 64000K, used 44487K [0x00000000eba00000, 0x00000000f0200000, 0x0000000100000000)
  eden space 58368K, 70% used [0x00000000eba00000,0x00000000ee1f5b80,0x00000000ef300000)
  from space 5632K, 63% used [0x00000000ef700000,0x00000000efa7c3a0,0x00000000efc80000)
  to   space 4608K, 0% used [0x00000000efd80000,0x00000000efd80000,0x00000000f0200000)
 ParOldGen       total 31744K, used 19432K [0x00000000c2e00000, 0x00000000c4d00000, 0x00000000eba00000)
  object space 31744K, 61% used [0x00000000c2e00000,0x00000000c40fa2e8,0x00000000c4d00000)
 Metaspace       used 39199K, capacity 40752K, committed 41048K, reserved 1085440K
  class space    used 5043K, capacity 5432K, committed 5504K, reserved 1048576K
GC Heap History (10 events):
Event: 40.056 GC heap before
{Heap before GC invocations=9 (full 1):
 PSYoungGen      total 37376K, used 31744K [0x00000000eba00000, 0x00000000f0300000, 0x0000000100000000)
  eden space 31744K, 100% used [0x00000000eba00000,0x00000000ed900000,0x00000000ed900000)
  from space 5632K, 0% used [0x00000000ed900000,0x00000000ed900000,0x00000000ede80000)
  to   space 5632K, 0% used [0x00000000efd80000,0x00000000efd80000,0x00000000f0300000)
 ParOldGen       total 31744K, used 9458K [0x00000000c2e00000, 0x00000000c4d00000, 0x00000000eba00000)
  object space 31744K, 29% used [0x00000000c2e00000,0x00000000c373c910,0x00000000c4d00000)
 Metaspace       used 25955K, capacity 26676K, committed 27136K, reserved 1073152K
  class space    used 3288K, capacity 3472K, committed 3584K, reserved 1048576K
Event: 40.080 GC heap after
Heap after GC invocations=9 (full 1):
 PSYoungGen      total 62976K, used 4577K [0x00000000eba00000, 0x00000000f0200000, 0x0000000100000000)
  eden space 58368K, 0% used [0x00000000eba00000,0x00000000eba00000,0x00000000ef300000)
  from space 4608K, 99% used [0x00000000efd80000,0x00000000f01f8578,0x00000000f0200000)
  to   space 5632K, 0% used [0x00000000ef700000,0x00000000ef700000,0x00000000efc80000)
 ParOldGen       total 31744K, used 9466K [0x00000000c2e00000, 0x00000000c4d00000, 0x00000000eba00000)
  object space 31744K, 29% used [0x00000000c2e00000,0x00000000c373e910,0x00000000c4d00000)
 Metaspace       used 25955K, capacity 26676K, committed 27136K, reserved 1073152K
  class space    used 3288K, capacity 3472K, committed 3584K, reserved 1048576K
}
Event: 144.223 GC heap before
{Heap before GC invocations=10 (full 1):
 PSYoungGen      total 62976K, used 62945K [0x00000000eba00000, 0x00000000f0200000, 0x0000000100000000)
  eden space 58368K, 100% used [0x00000000eba00000,0x00000000ef300000,0x00000000ef300000)
  from space 4608K, 99% used [0x00000000efd80000,0x00000000f01f8578,0x00000000f0200000)
  to   space 5632K, 0% used [0x00000000ef700000,0x00000000ef700000,0x00000000efc80000)
 ParOldGen       total 31744K, used 9466K [0x00000000c2e00000, 0x00000000c4d00000, 0x00000000eba00000)
  object space 31744K, 29% used [0x00000000c2e00000,0x00000000c373e910,0x00000000c4d00000)
 Metaspace       used 33361K, capacity 34670K, committed 34816K, reserved 1079296K
  class space    used 4300K, capacity 4603K, committed 4608K, reserved 1048576K
Event: 144.577 GC heap after
Heap after GC invocations=10 (full 1):
 PSYoungGen      total 64000K, used 5600K [0x00000000eba00000, 0x00000000f0200000, 0x0000000100000000)
  eden space 58368K, 0% used [0x00000000eba00000,0x00000000eba00000,0x00000000ef300000)
  from space 5632K, 99% used [0x00000000ef700000,0x00000000efc78040,0x00000000efc80000)
  to   space 4608K, 0% used [0x00000000efd80000,0x00000000efd80000,0x00000000f0200000)
 ParOldGen       total 31744K, used 16158K [0x00000000c2e00000, 0x00000000c4d00000, 0x00000000eba00000)
  object space 31744K, 50% used [0x00000000c2e00000,0x00000000c3dc7800,0x00000000c4d00000)
 Metaspace       used 33361K, capacity 34670K, committed 34816K, reserved 1079296K
  class space    used 4300K, capacity 4603K, committed 4608K, reserved 1048576K
}
Event: 145.021 GC heap before
{Heap before GC invocations=11 (full 1):
 PSYoungGen      total 64000K, used 12684K [0x00000000eba00000, 0x00000000f0200000, 0x0000000100000000)
  eden space 58368K, 12% used [0x00000000eba00000,0x00000000ec0eb068,0x00000000ef300000)
  from space 5632K, 99% used [0x00000000ef700000,0x00000000efc78040,0x00000000efc80000)
  to   space 4608K, 0% used [0x00000000efd80000,0x00000000efd80000,0x00000000f0200000)
 ParOldGen       total 31744K, used 16158K [0x00000000c2e00000, 0x00000000c4d00000, 0x00000000eba00000)
  object space 31744K, 50% used [0x00000000c2e00000,0x00000000c3dc7800,0x00000000c4d00000)
 Metaspace       used 34002K, capacity 35366K, committed 35416K, reserved 1079296K
  class space    used 4394K, capacity 4711K, committed 4736K, reserved 1048576K
Event: 145.068 GC heap after
Heap after GC invocations=11 (full 1):
 PSYoungGen      total 62976K, used 4576K [0x00000000eba00000, 0x00000000f0200000, 0x0000000100000000)
  eden space 58368K, 0% used [0x00000000eba00000,0x00000000eba00000,0x00000000ef300000)
  from space 4608K, 99% used [0x00000000efd80000,0x00000000f01f8020,0x00000000f0200000)
  to   space 5632K, 0% used [0x00000000ef700000,0x00000000ef700000,0x00000000efc80000)
 ParOldGen       total 31744K, used 17872K [0x00000000c2e00000, 0x00000000c4d00000, 0x00000000eba00000)
  object space 31744K, 56% used [0x00000000c2e00000,0x00000000c3f743f8,0x00000000c4d00000)
 Metaspace       used 34002K, capacity 35366K, committed 35416K, reserved 1079296K
  class space    used 4394K, capacity 4711K, committed 4736K, reserved 1048576K
}
Event: 145.069 GC heap before
{Heap before GC invocations=12 (full 2):
 PSYoungGen      total 62976K, used 4576K [0x00000000eba00000, 0x00000000f0200000, 0x0000000100000000)
  eden space 58368K, 0% used [0x00000000eba00000,0x00000000eba00000,0x00000000ef300000)
  from space 4608K, 99% used [0x00000000efd80000,0x00000000f01f8020,0x00000000f0200000)
  to   space 5632K, 0% used [0x00000000ef700000,0x00000000ef700000,0x00000000efc80000)
 ParOldGen       total 31744K, used 17872K [0x00000000c2e00000, 0x00000000c4d00000, 0x00000000eba00000)
  object space 31744K, 56% used [0x00000000c2e00000,0x00000000c3f743f8,0x00000000c4d00000)
 Metaspace       used 34002K, capacity 35366K, committed 35416K, reserved 1079296K
  class space    used 4394K, capacity 4711K, committed 4736K, reserved 1048576K
Event: 145.886 GC heap after
Heap after GC invocations=12 (full 2):
 PSYoungGen      total 62976K, used 0K [0x00000000eba00000, 0x00000000f0200000, 0x0000000100000000)
  eden space 58368K, 0% used [0x00000000eba00000,0x00000000eba00000,0x00000000ef300000)
  from space 4608K, 0% used [0x00000000efd80000,0x00000000efd80000,0x00000000f0200000)
  to   space 5632K, 0% used [0x00000000ef700000,0x00000000ef700000,0x00000000efc80000)
 ParOldGen       total 31744K, used 19424K [0x00000000c2e00000, 0x00000000c4d00000, 0x00000000eba00000)
  object space 31744K, 61% used [0x00000000c2e00000,0x00000000c40f82e8,0x00000000c4d00000)
 Metaspace       used 33998K, capacity 35354K, committed 35416K, reserved 1079296K
  class space    used 4392K, capacity 4709K, committed 4736K, reserved 1048576K
}
Event: 147.067 GC heap before
{Heap before GC invocations=13 (full 2):
 PSYoungGen      total 62976K, used 58368K [0x00000000eba00000, 0x00000000f0200000, 0x0000000100000000)
  eden space 58368K, 100% used [0x00000000eba00000,0x00000000ef300000,0x00000000ef300000)
  from space 4608K, 0% used [0x00000000efd80000,0x00000000efd80000,0x00000000f0200000)
  to   space 5632K, 0% used [0x00000000ef700000,0x00000000ef700000,0x00000000efc80000)
 ParOldGen       total 31744K, used 19424K [0x00000000c2e00000, 0x00000000c4d00000, 0x00000000eba00000)
  object space 31744K, 61% used [0x00000000c2e00000,0x00000000c40f82e8,0x00000000c4d00000)
 Metaspace       used 36063K, capacity 37578K, committed 37848K, reserved 1081344K
  class space    used 4647K, capacity 5053K, committed 5120K, reserved 1048576K
Event: 147.090 GC heap after
Heap after GC invocations=13 (full 2):
 PSYoungGen      total 64000K, used 3568K [0x00000000eba00000, 0x00000000f0200000, 0x0000000100000000)
  eden space 58368K, 0% used [0x00000000eba00000,0x00000000eba00000,0x00000000ef300000)
  from space 5632K, 63% used [0x00000000ef700000,0x00000000efa7c3a0,0x00000000efc80000)
  to   space 4608K, 0% used [0x00000000efd80000,0x00000000efd80000,0x00000000f0200000)
 ParOldGen       total 31744K, used 19432K [0x00000000c2e00000, 0x00000000c4d00000, 0x00000000eba00000)
  object space 31744K, 61% used [0x00000000c2e00000,0x00000000c40fa2e8,0x00000000c4d00000)
 Metaspace       used 36063K, capacity 37578K, committed 37848K, reserved 1081344K
  class space    used 4647K, capacity 5053K, committed 5120K, reserved 1048576K
}

