# JRE version: Java(TM) SE Runtime Environment (8.0_351-b10) (build 1.8.0_351-b10)
# Java VM: Java HotSpot(TM) 64-Bit Server VM (25.351-b10 mixed mode windows-amd64 compressed oops)
Heap:
 PSYoungGen      total 48128K, used 26252K [0x00000000eba00000, 0x00000000f0300000, 0x0000000100000000)
  eden space 39424K, 61% used [0x00000000eba00000,0x00000000ed1838b0,0x00000000ee080000)
  from space 8704K, 24% used [0x00000000ee080000,0x00000000ee29fa60,0x00000000ee900000)
  to   space 8704K, 0% used [0x00000000efa80000,0x00000000efa80000,0x00000000f0300000)
 ParOldGen       total 49664K, used 18019K [0x00000000c2e00000, 0x00000000c5e80000, 0x00000000eba00000)
  object space 49664K, 36% used [0x00000000c2e00000,0x00000000c3f98e28,0x00000000c5e80000)
 Metaspace       used 40206K, capacity 41758K, committed 41984K, reserved 1085440K
  class space    used 5219K, capacity 5583K, committed 5632K, reserved 1048576K
GC Heap History (10 events):
Event: 30.410 GC heap before
{Heap before GC invocations=11 (full 1):
 PSYoungGen      total 34304K, used 31052K [0x00000000eba00000, 0x00000000eee00000, 0x0000000100000000)
  eden space 27648K, 100% used [0x00000000eba00000,0x00000000ed500000,0x00000000ed500000)
  from space 6656K, 51% used [0x00000000ed500000,0x00000000ed853108,0x00000000edb80000)
  to   space 6144K, 0% used [0x00000000ee800000,0x00000000ee800000,0x00000000eee00000)
 ParOldGen       total 31232K, used 8749K [0x00000000c2e00000, 0x00000000c4c80000, 0x00000000eba00000)
  object space 31232K, 28% used [0x00000000c2e00000,0x00000000c368b600,0x00000000c4c80000)
 Metaspace       used 30454K, capacity 31614K, committed 31872K, reserved 1077248K
  class space    used 3950K, capacity 4195K, committed 4224K, reserved 1048576K
Event: 30.424 GC heap after
Heap after GC invocations=11 (full 1):
 PSYoungGen      total 46592K, used 5160K [0x00000000eba00000, 0x00000000eee80000, 0x0000000100000000)
  eden space 40448K, 0% used [0x00000000eba00000,0x00000000eba00000,0x00000000ee180000)
  from space 6144K, 83% used [0x00000000ee800000,0x00000000eed0a2c0,0x00000000eee00000)
  to   space 6656K, 0% used [0x00000000ee180000,0x00000000ee180000,0x00000000ee800000)
 ParOldGen       total 31232K, used 9255K [0x00000000c2e00000, 0x00000000c4c80000, 0x00000000eba00000)
  object space 31232K, 29% used [0x00000000c2e00000,0x00000000c3709c38,0x00000000c4c80000)
 Metaspace       used 30454K, capacity 31614K, committed 31872K, reserved 1077248K
  class space    used 3950K, capacity 4195K, committed 4224K, reserved 1048576K
}
Event: 62.836 GC heap before
{Heap before GC invocations=12 (full 1):
 PSYoungGen      total 46592K, used 37889K [0x00000000eba00000, 0x00000000eee80000, 0x0000000100000000)
  eden space 40448K, 80% used [0x00000000eba00000,0x00000000ed9f62e0,0x00000000ee180000)
  from space 6144K, 83% used [0x00000000ee800000,0x00000000eed0a2c0,0x00000000eee00000)
  to   space 6656K, 0% used [0x00000000ee180000,0x00000000ee180000,0x00000000ee800000)
 ParOldGen       total 31232K, used 9255K [0x00000000c2e00000, 0x00000000c4c80000, 0x00000000eba00000)
  object space 31232K, 29% used [0x00000000c2e00000,0x00000000c3709c38,0x00000000c4c80000)
 Metaspace       used 34102K, capacity 35392K, committed 35456K, reserved 1079296K
  class space    used 4452K, capacity 4720K, committed 4736K, reserved 1048576K
Event: 62.978 GC heap after
Heap after GC invocations=12 (full 1):
 PSYoungGen      total 46080K, used 6646K [0x00000000eba00000, 0x00000000ef180000, 0x0000000100000000)
  eden space 39424K, 0% used [0x00000000eba00000,0x00000000eba00000,0x00000000ee080000)
  from space 6656K, 99% used [0x00000000ee180000,0x00000000ee7fd830,0x00000000ee800000)
  to   space 8704K, 0% used [0x00000000ee900000,0x00000000ee900000,0x00000000ef180000)
 ParOldGen       total 31232K, used 12954K [0x00000000c2e00000, 0x00000000c4c80000, 0x00000000eba00000)
  object space 31232K, 41% used [0x00000000c2e00000,0x00000000c3aa6ae8,0x00000000c4c80000)
 Metaspace       used 34102K, capacity 35392K, committed 35456K, reserved 1079296K
  class space    used 4452K, capacity 4720K, committed 4736K, reserved 1048576K
}
Event: 62.978 GC heap before
{Heap before GC invocations=13 (full 2):
 PSYoungGen      total 46080K, used 6646K [0x00000000eba00000, 0x00000000ef180000, 0x0000000100000000)
  eden space 39424K, 0% used [0x00000000eba00000,0x00000000eba00000,0x00000000ee080000)
  from space 6656K, 99% used [0x00000000ee180000,0x00000000ee7fd830,0x00000000ee800000)
  to   space 8704K, 0% used [0x00000000ee900000,0x00000000ee900000,0x00000000ef180000)
 ParOldGen       total 31232K, used 12954K [0x00000000c2e00000, 0x00000000c4c80000, 0x00000000eba00000)
  object space 31232K, 41% used [0x00000000c2e00000,0x00000000c3aa6ae8,0x00000000c4c80000)
 Metaspace       used 34102K, capacity 35392K, committed 35456K, reserved 1079296K
  class space    used 4452K, capacity 4720K, committed 4736K, reserved 1048576K
Event: 63.332 GC heap after
Heap after GC invocations=13 (full 2):
 PSYoungGen      total 46080K, used 0K [0x00000000eba00000, 0x00000000ef180000, 0x0000000100000000)
  eden space 39424K, 0% used [0x00000000eba00000,0x00000000eba00000,0x00000000ee080000)
  from space 6656K, 0% used [0x00000000ee180000,0x00000000ee180000,0x00000000ee800000)
  to   space 8704K, 0% used [0x00000000ee900000,0x00000000ee900000,0x00000000ef180000)
 ParOldGen       total 49664K, used 17108K [0x00000000c2e00000, 0x00000000c5e80000, 0x00000000eba00000)
  object space 49664K, 34% used [0x00000000c2e00000,0x00000000c3eb52b0,0x00000000c5e80000)
 Metaspace       used 34089K, capacity 35350K, committed 35456K, reserved 1079296K
  class space    used 4448K, capacity 4713K, committed 4736K, reserved 1048576K
}
Event: 64.654 GC heap before
{Heap before GC invocations=14 (full 2):
 PSYoungGen      total 46080K, used 39424K [0x00000000eba00000, 0x00000000ef180000, 0x0000000100000000)
  eden space 39424K, 100% used [0x00000000eba00000,0x00000000ee080000,0x00000000ee080000)
  from space 6656K, 0% used [0x00000000ee180000,0x00000000ee180000,0x00000000ee800000)
  to   space 8704K, 0% used [0x00000000ee900000,0x00000000ee900000,0x00000000ef180000)
 ParOldGen       total 49664K, used 17108K [0x00000000c2e00000, 0x00000000c5e80000, 0x00000000eba00000)
  object space 49664K, 34% used [0x00000000c2e00000,0x00000000c3eb52b0,0x00000000c5e80000)
 Metaspace       used 37633K, capacity 39120K, committed 39296K, reserved 1083392K
  class space    used 4911K, capacity 5246K, committed 5248K, reserved 1048576K
Event: 64.688 GC heap after
Heap after GC invocations=14 (full 2):
 PSYoungGen      total 48128K, used 3495K [0x00000000eba00000, 0x00000000f0080000, 0x0000000100000000)
  eden space 39424K, 0% used [0x00000000eba00000,0x00000000eba00000,0x00000000ee080000)
  from space 8704K, 40% used [0x00000000ee900000,0x00000000eec69d18,0x00000000ef180000)
  to   space 8704K, 0% used [0x00000000ee080000,0x00000000ee080000,0x00000000ee900000)
 ParOldGen       total 49664K, used 17116K [0x00000000c2e00000, 0x00000000c5e80000, 0x00000000eba00000)
  object space 49664K, 34% used [0x00000000c2e00000,0x00000000c3eb72b0,0x00000000c5e80000)
 Metaspace       used 37633K, capacity 39120K, committed 39296K, reserved 1083392K
  class space    used 4911K, capacity 5246K, committed 5248K, reserved 1048576K
}
Event: 64.975 GC heap before
{Heap before GC invocations=15 (full 2):
 PSYoungGen      total 48128K, used 42919K [0x00000000eba00000, 0x00000000f0080000, 0x0000000100000000)
  eden space 39424K, 100% used [0x00000000eba00000,0x00000000ee080000,0x00000000ee080000)
  from space 8704K, 40% used [0x00000000ee900000,0x00000000eec69d18,0x00000000ef180000)
  to   space 8704K, 0% used [0x00000000ee080000,0x00000000ee080000,0x00000000ee900000)
 ParOldGen       total 49664K, used 17116K [0x00000000c2e00000, 0x00000000c5e80000, 0x00000000eba00000)
  object space 49664K, 34% used [0x00000000c2e00000,0x00000000c3eb72b0,0x00000000c5e80000)
 Metaspace       used 38504K, capacity 40018K, committed 40320K, reserved 1083392K
  class space    used 5033K, capacity 5415K, committed 5504K, reserved 1048576K
Event: 64.986 GC heap after
Heap after GC invocations=15 (full 2):
 PSYoungGen      total 48128K, used 2174K [0x00000000eba00000, 0x00000000f0300000, 0x0000000100000000)
  eden space 39424K, 0% used [0x00000000eba00000,0x00000000eba00000,0x00000000ee080000)
  from space 8704K, 24% used [0x00000000ee080000,0x00000000ee29fa60,0x00000000ee900000)
  to   space 8704K, 0% used [0x00000000efa80000,0x00000000efa80000,0x00000000f0300000)
 ParOldGen       total 49664K, used 18019K [0x00000000c2e00000, 0x00000000c5e80000, 0x00000000eba00000)
  object space 49664K, 36% used [0x00000000c2e00000,0x00000000c3f98e28,0x00000000c5e80000)
 Metaspace       used 38504K, capacity 40018K, committed 40320K, reserved 1083392K
  class space    used 5033K, capacity 5415K, committed 5504K, reserved 1048576K
}

