# JRE version: Java(TM) SE Runtime Environment (8.0_351-b10) (build 1.8.0_351-b10)
# Java VM: Java HotSpot(TM) 64-Bit Server VM (25.351-b10 mixed mode windows-amd64 compressed oops)
Heap:
 PSYoungGen      total 71168K, used 37776K [0x00000000eba00000, 0x00000000f1d80000, 0x0000000100000000)
  eden space 63488K, 51% used [0x00000000eba00000,0x00000000eda232a8,0x00000000ef800000)
  from space 7680K, 63% used [0x00000000ef800000,0x00000000efcc0ee8,0x00000000eff80000)
  to   space 7680K, 0% used [0x00000000f1600000,0x00000000f1600000,0x00000000f1d80000)
 ParOldGen       total 48640K, used 19303K [0x00000000c2e00000, 0x00000000c5d80000, 0x00000000eba00000)
  object space 48640K, 39% used [0x00000000c2e00000,0x00000000c40d9f48,0x00000000c5d80000)
 Metaspace       used 39468K, capacity 41056K, committed 41304K, reserved 1085440K
  class space    used 5049K, capacity 5440K, committed 5504K, reserved 1048576K
GC Heap History (10 events):
Event: 35.194 GC heap before
{Heap before GC invocations=11 (full 1):
 PSYoungGen      total 37888K, used 35675K [0x00000000eba00000, 0x00000000ef380000, 0x0000000100000000)
  eden space 31232K, 100% used [0x00000000eba00000,0x00000000ed880000,0x00000000ed880000)
  from space 6656K, 66% used [0x00000000ed880000,0x00000000edcd6df0,0x00000000edf00000)
  to   space 6144K, 0% used [0x00000000eed80000,0x00000000eed80000,0x00000000ef380000)
 ParOldGen       total 30208K, used 7135K [0x00000000c2e00000, 0x00000000c4b80000, 0x00000000eba00000)
  object space 30208K, 23% used [0x00000000c2e00000,0x00000000c34f7d28,0x00000000c4b80000)
 Metaspace       used 29784K, capacity 30902K, committed 31104K, reserved 1077248K
  class space    used 3866K, capacity 4155K, committed 4224K, reserved 1048576K
Event: 37.750 GC heap after
Heap after GC invocations=11 (full 1):
 PSYoungGen      total 50688K, used 6132K [0x00000000eba00000, 0x00000000ef900000, 0x0000000100000000)
  eden space 44544K, 0% used [0x00000000eba00000,0x00000000eba00000,0x00000000ee580000)
  from space 6144K, 99% used [0x00000000eed80000,0x00000000ef37d060,0x00000000ef380000)
  to   space 8192K, 0% used [0x00000000ee580000,0x00000000ee580000,0x00000000eed80000)
 ParOldGen       total 30208K, used 10072K [0x00000000c2e00000, 0x00000000c4b80000, 0x00000000eba00000)
  object space 30208K, 33% used [0x00000000c2e00000,0x00000000c37d6318,0x00000000c4b80000)
 Metaspace       used 29784K, capacity 30902K, committed 31104K, reserved 1077248K
  class space    used 3866K, capacity 4155K, committed 4224K, reserved 1048576K
}
Event: 113.710 GC heap before
{Heap before GC invocations=12 (full 1):
 PSYoungGen      total 50688K, used 40595K [0x00000000eba00000, 0x00000000ef900000, 0x0000000100000000)
  eden space 44544K, 77% used [0x00000000eba00000,0x00000000edba7cc8,0x00000000ee580000)
  from space 6144K, 99% used [0x00000000eed80000,0x00000000ef37d060,0x00000000ef380000)
  to   space 8192K, 0% used [0x00000000ee580000,0x00000000ee580000,0x00000000eed80000)
 ParOldGen       total 30208K, used 10072K [0x00000000c2e00000, 0x00000000c4b80000, 0x00000000eba00000)
  object space 30208K, 33% used [0x00000000c2e00000,0x00000000c37d6318,0x00000000c4b80000)
 Metaspace       used 34057K, capacity 35366K, committed 35416K, reserved 1079296K
  class space    used 4401K, capacity 4711K, committed 4736K, reserved 1048576K
Event: 115.857 GC heap after
Heap after GC invocations=12 (full 1):
 PSYoungGen      total 52736K, used 4081K [0x00000000eba00000, 0x00000000f0c00000, 0x0000000100000000)
  eden space 44544K, 0% used [0x00000000eba00000,0x00000000eba00000,0x00000000ee580000)
  from space 8192K, 49% used [0x00000000ee580000,0x00000000ee97c700,0x00000000eed80000)
  to   space 7680K, 0% used [0x00000000f0480000,0x00000000f0480000,0x00000000f0c00000)
 ParOldGen       total 30208K, used 16160K [0x00000000c2e00000, 0x00000000c4b80000, 0x00000000eba00000)
  object space 30208K, 53% used [0x00000000c2e00000,0x00000000c3dc81f8,0x00000000c4b80000)
 Metaspace       used 34057K, capacity 35366K, committed 35416K, reserved 1079296K
  class space    used 4401K, capacity 4711K, committed 4736K, reserved 1048576K
}
Event: 115.859 GC heap before
{Heap before GC invocations=13 (full 2):
 PSYoungGen      total 52736K, used 4081K [0x00000000eba00000, 0x00000000f0c00000, 0x0000000100000000)
  eden space 44544K, 0% used [0x00000000eba00000,0x00000000eba00000,0x00000000ee580000)
  from space 8192K, 49% used [0x00000000ee580000,0x00000000ee97c700,0x00000000eed80000)
  to   space 7680K, 0% used [0x00000000f0480000,0x00000000f0480000,0x00000000f0c00000)
 ParOldGen       total 30208K, used 16160K [0x00000000c2e00000, 0x00000000c4b80000, 0x00000000eba00000)
  object space 30208K, 53% used [0x00000000c2e00000,0x00000000c3dc81f8,0x00000000c4b80000)
 Metaspace       used 34057K, capacity 35366K, committed 35416K, reserved 1079296K
  class space    used 4401K, capacity 4711K, committed 4736K, reserved 1048576K
Event: 118.608 GC heap after
Heap after GC invocations=13 (full 2):
 PSYoungGen      total 52736K, used 0K [0x00000000eba00000, 0x00000000f0c00000, 0x0000000100000000)
  eden space 44544K, 0% used [0x00000000eba00000,0x00000000eba00000,0x00000000ee580000)
  from space 8192K, 0% used [0x00000000ee580000,0x00000000ee580000,0x00000000eed80000)
  to   space 7680K, 0% used [0x00000000f0480000,0x00000000f0480000,0x00000000f0c00000)
 ParOldGen       total 48640K, used 18351K [0x00000000c2e00000, 0x00000000c5d80000, 0x00000000eba00000)
  object space 48640K, 37% used [0x00000000c2e00000,0x00000000c3febf38,0x00000000c5d80000)
 Metaspace       used 34054K, capacity 35354K, committed 35416K, reserved 1079296K
  class space    used 4400K, capacity 4709K, committed 4736K, reserved 1048576K
}
Event: 122.330 GC heap before
{Heap before GC invocations=14 (full 2):
 PSYoungGen      total 52736K, used 44544K [0x00000000eba00000, 0x00000000f0c00000, 0x0000000100000000)
  eden space 44544K, 100% used [0x00000000eba00000,0x00000000ee580000,0x00000000ee580000)
  from space 8192K, 0% used [0x00000000ee580000,0x00000000ee580000,0x00000000eed80000)
  to   space 7680K, 0% used [0x00000000f0480000,0x00000000f0480000,0x00000000f0c00000)
 ParOldGen       total 48640K, used 18351K [0x00000000c2e00000, 0x00000000c5d80000, 0x00000000eba00000)
  object space 48640K, 37% used [0x00000000c2e00000,0x00000000c3febf38,0x00000000c5d80000)
 Metaspace       used 35584K, capacity 37036K, committed 37208K, reserved 1081344K
  class space    used 4606K, capacity 4982K, committed 4992K, reserved 1048576K
Event: 122.386 GC heap after
Heap after GC invocations=14 (full 2):
 PSYoungGen      total 65536K, used 2499K [0x00000000eba00000, 0x00000000f0700000, 0x0000000100000000)
  eden space 62976K, 0% used [0x00000000eba00000,0x00000000eba00000,0x00000000ef780000)
  from space 2560K, 97% used [0x00000000f0480000,0x00000000f06f0d68,0x00000000f0700000)
  to   space 7680K, 0% used [0x00000000ef800000,0x00000000ef800000,0x00000000eff80000)
 ParOldGen       total 48640K, used 18359K [0x00000000c2e00000, 0x00000000c5d80000, 0x00000000eba00000)
  object space 48640K, 37% used [0x00000000c2e00000,0x00000000c3fedf38,0x00000000c5d80000)
 Metaspace       used 35584K, capacity 37036K, committed 37208K, reserved 1081344K
  class space    used 4606K, capacity 4982K, committed 4992K, reserved 1048576K
}
Event: 129.152 GC heap before
{Heap before GC invocations=15 (full 2):
 PSYoungGen      total 65536K, used 65475K [0x00000000eba00000, 0x00000000f0700000, 0x0000000100000000)
  eden space 62976K, 100% used [0x00000000eba00000,0x00000000ef780000,0x00000000ef780000)
  from space 2560K, 97% used [0x00000000f0480000,0x00000000f06f0d68,0x00000000f0700000)
  to   space 7680K, 0% used [0x00000000ef800000,0x00000000ef800000,0x00000000eff80000)
 ParOldGen       total 48640K, used 18359K [0x00000000c2e00000, 0x00000000c5d80000, 0x00000000eba00000)
  object space 48640K, 37% used [0x00000000c2e00000,0x00000000c3fedf38,0x00000000c5d80000)
 Metaspace       used 39286K, capacity 40822K, committed 41048K, reserved 1085440K
  class space    used 5045K, capacity 5433K, committed 5504K, reserved 1048576K
Event: 129.203 GC heap after
Heap after GC invocations=15 (full 2):
 PSYoungGen      total 71168K, used 4867K [0x00000000eba00000, 0x00000000f1d80000, 0x0000000100000000)
  eden space 63488K, 0% used [0x00000000eba00000,0x00000000eba00000,0x00000000ef800000)
  from space 7680K, 63% used [0x00000000ef800000,0x00000000efcc0ee8,0x00000000eff80000)
  to   space 7680K, 0% used [0x00000000f1600000,0x00000000f1600000,0x00000000f1d80000)
 ParOldGen       total 48640K, used 19303K [0x00000000c2e00000, 0x00000000c5d80000, 0x00000000eba00000)
  object space 48640K, 39% used [0x00000000c2e00000,0x00000000c40d9f48,0x00000000c5d80000)
 Metaspace       used 39286K, capacity 40822K, committed 41048K, reserved 1085440K
  class space    used 5045K, capacity 5433K, committed 5504K, reserved 1048576K
}

