# JRE version: Java(TM) SE Runtime Environment (8.0_351-b10) (build 1.8.0_351-b10)
# Java VM: Java HotSpot(TM) 64-Bit Server VM (25.351-b10 mixed mode windows-amd64 compressed oops)
Heap:
 PSYoungGen      total 115712K, used 68521K [0x00000000eba00000, 0x00000000f3500000, 0x0000000100000000)
  eden space 105984K, 63% used [0x00000000eba00000,0x00000000efc1a448,0x00000000f2180000)
  from space 9728K, 8% used [0x00000000f2180000,0x00000000f2250010,0x00000000f2b00000)
  to   space 9728K, 0% used [0x00000000f2b80000,0x00000000f2b80000,0x00000000f3500000)
 ParOldGen       total 58880K, used 28661K [0x00000000c2e00000, 0x00000000c6780000, 0x00000000eba00000)
  object space 58880K, 48% used [0x00000000c2e00000,0x00000000c49fd4b0,0x00000000c6780000)
 Metaspace       used 43840K, capacity 45592K, committed 45696K, reserved 1089536K
  class space    used 5339K, capacity 5740K, committed 5760K, reserved 1048576K
GC Heap History (10 events):
Event: 3424.729 GC heap before
{Heap before GC invocations=49 (full 2):
 PSYoungGen      total 95232K, used 86176K [0x00000000eba00000, 0x00000000f2280000, 0x0000000100000000)
  eden space 85504K, 100% used [0x00000000eba00000,0x00000000f0d80000,0x00000000f0d80000)
  from space 9728K, 6% used [0x00000000f1680000,0x00000000f1728020,0x00000000f2000000)
  to   space 9216K, 0% used [0x00000000f0d80000,0x00000000f0d80000,0x00000000f1680000)
 ParOldGen       total 58880K, used 23905K [0x00000000c2e00000, 0x00000000c6780000, 0x00000000eba00000)
  object space 58880K, 40% used [0x00000000c2e00000,0x00000000c4558460,0x00000000c6780000)
 Metaspace       used 43725K, capacity 45454K, committed 45696K, reserved 1089536K
  class space    used 5334K, capacity 5739K, committed 5760K, reserved 1048576K
Event: 3424.736 GC heap after
Heap after GC invocations=49 (full 2):
 PSYoungGen      total 94720K, used 928K [0x00000000eba00000, 0x00000000f2c80000, 0x0000000100000000)
  eden space 85504K, 0% used [0x00000000eba00000,0x00000000eba00000,0x00000000f0d80000)
  from space 9216K, 10% used [0x00000000f0d80000,0x00000000f0e68040,0x00000000f1680000)
  to   space 9216K, 0% used [0x00000000f2380000,0x00000000f2380000,0x00000000f2c80000)
 ParOldGen       total 58880K, used 23929K [0x00000000c2e00000, 0x00000000c6780000, 0x00000000eba00000)
  object space 58880K, 40% used [0x00000000c2e00000,0x00000000c455e460,0x00000000c6780000)
 Metaspace       used 43725K, capacity 45454K, committed 45696K, reserved 1089536K
  class space    used 5334K, capacity 5739K, committed 5760K, reserved 1048576K
}
Event: 4873.762 GC heap before
{Heap before GC invocations=50 (full 2):
 PSYoungGen      total 94720K, used 86432K [0x00000000eba00000, 0x00000000f2c80000, 0x0000000100000000)
  eden space 85504K, 100% used [0x00000000eba00000,0x00000000f0d80000,0x00000000f0d80000)
  from space 9216K, 10% used [0x00000000f0d80000,0x00000000f0e68040,0x00000000f1680000)
  to   space 9216K, 0% used [0x00000000f2380000,0x00000000f2380000,0x00000000f2c80000)
 ParOldGen       total 58880K, used 23929K [0x00000000c2e00000, 0x00000000c6780000, 0x00000000eba00000)
  object space 58880K, 40% used [0x00000000c2e00000,0x00000000c455e460,0x00000000c6780000)
 Metaspace       used 43753K, capacity 45454K, committed 45696K, reserved 1089536K
  class space    used 5334K, capacity 5739K, committed 5760K, reserved 1048576K
Event: 4875.138 GC heap after
Heap after GC invocations=50 (full 2):
 PSYoungGen      total 104960K, used 896K [0x00000000eba00000, 0x00000000f2a80000, 0x0000000100000000)
  eden space 97792K, 0% used [0x00000000eba00000,0x00000000eba00000,0x00000000f1980000)
  from space 7168K, 12% used [0x00000000f2380000,0x00000000f2460010,0x00000000f2a80000)
  to   space 8704K, 0% used [0x00000000f1980000,0x00000000f1980000,0x00000000f2200000)
 ParOldGen       total 58880K, used 23969K [0x00000000c2e00000, 0x00000000c6780000, 0x00000000eba00000)
  object space 58880K, 40% used [0x00000000c2e00000,0x00000000c4568460,0x00000000c6780000)
 Metaspace       used 43753K, capacity 45454K, committed 45696K, reserved 1089536K
  class space    used 5334K, capacity 5739K, committed 5760K, reserved 1048576K
}
Event: 4888.703 GC heap before
{Heap before GC invocations=51 (full 2):
 PSYoungGen      total 104960K, used 98688K [0x00000000eba00000, 0x00000000f2a80000, 0x0000000100000000)
  eden space 97792K, 100% used [0x00000000eba00000,0x00000000f1980000,0x00000000f1980000)
  from space 7168K, 12% used [0x00000000f2380000,0x00000000f2460010,0x00000000f2a80000)
  to   space 8704K, 0% used [0x00000000f1980000,0x00000000f1980000,0x00000000f2200000)
 ParOldGen       total 58880K, used 23969K [0x00000000c2e00000, 0x00000000c6780000, 0x00000000eba00000)
  object space 58880K, 40% used [0x00000000c2e00000,0x00000000c4568460,0x00000000c6780000)
 Metaspace       used 43823K, capacity 45586K, committed 45696K, reserved 1089536K
  class space    used 5339K, capacity 5739K, committed 5760K, reserved 1048576K
Event: 4888.717 GC heap after
Heap after GC invocations=51 (full 2):
 PSYoungGen      total 106496K, used 5792K [0x00000000eba00000, 0x00000000f3880000, 0x0000000100000000)
  eden space 97792K, 0% used [0x00000000eba00000,0x00000000eba00000,0x00000000f1980000)
  from space 8704K, 66% used [0x00000000f1980000,0x00000000f1f28040,0x00000000f2200000)
  to   space 9728K, 0% used [0x00000000f2f00000,0x00000000f2f00000,0x00000000f3880000)
 ParOldGen       total 58880K, used 23993K [0x00000000c2e00000, 0x00000000c6780000, 0x00000000eba00000)
  object space 58880K, 40% used [0x00000000c2e00000,0x00000000c456e460,0x00000000c6780000)
 Metaspace       used 43823K, capacity 45586K, committed 45696K, reserved 1089536K
  class space    used 5339K, capacity 5739K, committed 5760K, reserved 1048576K
}
Event: 4889.496 GC heap before
{Heap before GC invocations=52 (full 2):
 PSYoungGen      total 106496K, used 103584K [0x00000000eba00000, 0x00000000f3880000, 0x0000000100000000)
  eden space 97792K, 100% used [0x00000000eba00000,0x00000000f1980000,0x00000000f1980000)
  from space 8704K, 66% used [0x00000000f1980000,0x00000000f1f28040,0x00000000f2200000)
  to   space 9728K, 0% used [0x00000000f2f00000,0x00000000f2f00000,0x00000000f3880000)
 ParOldGen       total 58880K, used 23993K [0x00000000c2e00000, 0x00000000c6780000, 0x00000000eba00000)
  object space 58880K, 40% used [0x00000000c2e00000,0x00000000c456e460,0x00000000c6780000)
 Metaspace       used 43823K, capacity 45586K, committed 45696K, reserved 1089536K
  class space    used 5339K, capacity 5739K, committed 5760K, reserved 1048576K
Event: 4889.502 GC heap after
Heap after GC invocations=52 (full 2):
 PSYoungGen      total 100352K, used 5312K [0x00000000eba00000, 0x00000000f3480000, 0x0000000100000000)
  eden space 94720K, 0% used [0x00000000eba00000,0x00000000eba00000,0x00000000f1680000)
  from space 5632K, 94% used [0x00000000f2f00000,0x00000000f3430040,0x00000000f3480000)
  to   space 9728K, 0% used [0x00000000f2180000,0x00000000f2180000,0x00000000f2b00000)
 ParOldGen       total 58880K, used 24049K [0x00000000c2e00000, 0x00000000c6780000, 0x00000000eba00000)
  object space 58880K, 40% used [0x00000000c2e00000,0x00000000c457c460,0x00000000c6780000)
 Metaspace       used 43823K, capacity 45586K, committed 45696K, reserved 1089536K
  class space    used 5339K, capacity 5739K, committed 5760K, reserved 1048576K
}
Event: 4890.105 GC heap before
{Heap before GC invocations=53 (full 2):
 PSYoungGen      total 100352K, used 100032K [0x00000000eba00000, 0x00000000f3480000, 0x0000000100000000)
  eden space 94720K, 100% used [0x00000000eba00000,0x00000000f1680000,0x00000000f1680000)
  from space 5632K, 94% used [0x00000000f2f00000,0x00000000f3430040,0x00000000f3480000)
  to   space 9728K, 0% used [0x00000000f2180000,0x00000000f2180000,0x00000000f2b00000)
 ParOldGen       total 58880K, used 24049K [0x00000000c2e00000, 0x00000000c6780000, 0x00000000eba00000)
  object space 58880K, 40% used [0x00000000c2e00000,0x00000000c457c460,0x00000000c6780000)
 Metaspace       used 43823K, capacity 45586K, committed 45696K, reserved 1089536K
  class space    used 5339K, capacity 5739K, committed 5760K, reserved 1048576K
Event: 4890.111 GC heap after
Heap after GC invocations=53 (full 2):
 PSYoungGen      total 115712K, used 832K [0x00000000eba00000, 0x00000000f3500000, 0x0000000100000000)
  eden space 105984K, 0% used [0x00000000eba00000,0x00000000eba00000,0x00000000f2180000)
  from space 9728K, 8% used [0x00000000f2180000,0x00000000f2250010,0x00000000f2b00000)
  to   space 9728K, 0% used [0x00000000f2b80000,0x00000000f2b80000,0x00000000f3500000)
 ParOldGen       total 58880K, used 28661K [0x00000000c2e00000, 0x00000000c6780000, 0x00000000eba00000)
  object space 58880K, 48% used [0x00000000c2e00000,0x00000000c49fd4b0,0x00000000c6780000)
 Metaspace       used 43823K, capacity 45586K, committed 45696K, reserved 1089536K
  class space    used 5339K, capacity 5739K, committed 5760K, reserved 1048576K
}

